<?xml version="1.0" encoding="UTF-8"?>
<!-- Generated by org.testng.reporters.JUnitXMLReporter -->
<testsuite hostname="DESKTOP-H6HU17T" ignored="0" name="Default test" tests="4" failures="0" timestamp="08 Oct 2020 12:07:47 GMT" time="160.552" errors="0">
  <testcase name="getActiveResumesCnt" time="42.263" classname="com.automation.testcases.MonstActiveResumes"/>
  <testcase name="getActiveResumesCnt_Last7Days" time="41.201" classname="com.automation.testcases.MonstActiveResumes"/>
  <testcase name="getCreatedResumesCnt_for_1Day" time="37.028" classname="com.automation.testcases.MonstActiveResumes"/>
  <testcase name="getCreatedResumesCnt_for_7Day" time="39.97" classname="com.automation.testcases.MonstActiveResumes"/>
</testsuite> <!-- Default test -->
