<?xml version="1.0" encoding="UTF-8"?>
<!-- Generated by org.testng.reporters.JUnitXMLReporter -->
<testsuite hostname="DESKTOP-H6HU17T" ignored="2" name="Default test" tests="2" failures="0" timestamp="21 Mar 2020 12:31:19 GMT" time="33.317" errors="0">
  <testcase name="signIn" time="11.246" classname="com.automation.testcases.LoginApplication"/>
  <testcase name="buyShirt" time="11.222" classname="com.automation.testcases.LoginApplication"/>
  <testcase name="@BeforeSuite SetUpSuite" time="0.0" classname="com.automation.pages.BaseClass">
    <ignored/>
  </testcase> <!-- @BeforeSuite SetUpSuite -->
  <testcase name="createAccount" time="0.0" classname="com.automation.testcases.LoginApplication">
    <ignored/>
  </testcase> <!-- createAccount -->
</testsuite> <!-- Default test -->
