<?xml version="1.0" encoding="UTF-8"?>
<testng-results skipped="0" failed="0" ignored="0" total="4" passed="4">
  <reporter-output>
  </reporter-output>
  <suite name="Default suite" duration-ms="160552" started-at="2020-10-08T12:05:07Z" finished-at="2020-10-08T12:07:47Z">
    <groups>
    </groups>
    <test name="Default test" duration-ms="160552" started-at="2020-10-08T12:05:07Z" finished-at="2020-10-08T12:07:47Z">
      <class name="com.automation.testcases.MonstActiveResumes">
        <test-method status="PASS" signature="getActiveResumesCnt()[pri:0, instance:com.automation.testcases.MonstActiveResumes@1e88b3c]" name="getActiveResumesCnt" duration-ms="42263" started-at="2020-10-08T17:35:07Z" finished-at="2020-10-08T17:35:49Z">
          <reporter-output>
          </reporter-output>
        </test-method> <!-- getActiveResumesCnt -->
        <test-method status="PASS" signature="getActiveResumesCnt_Last7Days()[pri:0, instance:com.automation.testcases.MonstActiveResumes@1e88b3c]" name="getActiveResumesCnt_Last7Days" duration-ms="41201" started-at="2020-10-08T17:35:49Z" finished-at="2020-10-08T17:36:30Z">
          <reporter-output>
          </reporter-output>
        </test-method> <!-- getActiveResumesCnt_Last7Days -->
        <test-method status="PASS" signature="getCreatedResumesCnt_for_1Day()[pri:0, instance:com.automation.testcases.MonstActiveResumes@1e88b3c]" name="getCreatedResumesCnt_for_1Day" duration-ms="37028" started-at="2020-10-08T17:36:30Z" finished-at="2020-10-08T17:37:07Z">
          <reporter-output>
          </reporter-output>
        </test-method> <!-- getCreatedResumesCnt_for_1Day -->
        <test-method status="PASS" signature="getCreatedResumesCnt_for_7Day()[pri:0, instance:com.automation.testcases.MonstActiveResumes@1e88b3c]" name="getCreatedResumesCnt_for_7Day" duration-ms="39970" started-at="2020-10-08T17:37:07Z" finished-at="2020-10-08T17:37:47Z">
          <reporter-output>
          </reporter-output>
        </test-method> <!-- getCreatedResumesCnt_for_7Day -->
      </class> <!-- com.automation.testcases.MonstActiveResumes -->
    </test> <!-- Default test -->
  </suite> <!-- Default suite -->
</testng-results>
